<?xml version="1.0" encoding="UTF-8"?>
<!-- Generated by org.testng.reporters.JUnitReportReporter -->
<testsuite hostname="DESKTOP-QM65LPC" failures="0" tests="4" name="TestingPractice.ExcelOperation1" time="0.032" errors="0" timestamp="01 Jun 2023 14:47:09 GMT" skipped="3">
  <testcase classname="TestingPractice.ExcelOperation1" name="readAllDataFromSheet" time="0.032"/>
  <testcase classname="TestingPractice.ExcelOperation1" name="getDiffTypeOfCellData">
    <skipped/>
  </testcase> <!-- getDiffTypeOfCellData -->
  <testcase classname="TestingPractice.ExcelOperation1" name="testCase">
    <skipped/>
  </testcase> <!-- testCase -->
  <testcase classname="TestingPractice.ExcelOperation1" name="readSheetDetails">
    <skipped/>
  </testcase> <!-- readSheetDetails -->
</testsuite> <!-- TestingPractice.ExcelOperation1 -->
