<?xml version="1.0" encoding="UTF-8"?>
<!-- Generated by org.testng.reporters.JUnitReportReporter -->
<testsuite hostname="DESKTOP-QM65LPC" failures="0" tests="1" name="Pract2.Example1" time="0.000" errors="0" timestamp="01 Jun 2023 14:47:09 GMT" skipped="0">
  <testcase classname="Pract2.Example1" name="Testcase1" time="0.000"/>
</testsuite> <!-- Pract2.Example1 -->
