<?xml version="1.0" encoding="UTF-8"?>
<!-- Generated by org.testng.reporters.JUnitReportReporter -->
<testsuite hostname="DESKTOP-QM65LPC" failures="0" tests="1" name="TestingPractice.ExcelOperationTC" time="107.185" errors="0" timestamp="01 Jun 2023 14:47:09 GMT" skipped="0">
  <testcase classname="TestingPractice.ExcelOperationTC" name="actitimeLogin" time="107.185"/>
</testsuite> <!-- TestingPractice.ExcelOperationTC -->
