<?xml version="1.0" encoding="UTF-8"?>
<!-- Generated by org.testng.reporters.JUnitReportReporter -->
<testsuite hostname="DESKTOP-QM65LPC" failures="0" tests="1" name="Pract2.ExcelOperationTC" time="107.138" errors="0" timestamp="26 May 2023 14:52:55 GMT" skipped="0">
  <testcase classname="Pract2.ExcelOperationTC" name="actitimeLogin" time="107.138"/>
</testsuite> <!-- Pract2.ExcelOperationTC -->
