<?xml version="1.0" encoding="UTF-8"?>
<!-- Generated by org.testng.reporters.JUnitReportReporter -->
<testsuite hostname="DESKTOP-QM65LPC" failures="0" tests="4" name="TestCaseProject.OrangeHRM" time="42.487" errors="0" timestamp="29 May 2023 12:24:27 GMT" skipped="0">
  <testcase classname="TestCaseProject.OrangeHRM" name="TC4_DeletePIM" time="3.287"/>
  <testcase classname="TestCaseProject.OrangeHRM" name="TC3_UpdatePIM" time="6.754"/>
  <testcase classname="TestCaseProject.OrangeHRM" name="TC2_CreatePIM" time="7.035"/>
  <testcase classname="TestCaseProject.OrangeHRM" name="TC1_Login" time="25.411"/>
</testsuite> <!-- TestCaseProject.OrangeHRM -->
