<?xml version="1.0" encoding="UTF-8"?>
<!-- Generated by org.testng.reporters.JUnitReportReporter -->
<testsuite hostname="DESKTOP-QM65LPC" failures="0" tests="4" name="TestCaseProject.ActiTime" time="34.261" errors="0" timestamp="29 May 2023 12:25:08 GMT" skipped="0">
  <testcase classname="TestCaseProject.ActiTime" name="TC4_DeleteTask" time="3.901"/>
  <testcase classname="TestCaseProject.ActiTime" name="TC1_Login" time="22.181"/>
  <testcase classname="TestCaseProject.ActiTime" name="TC3_UpdateCurrentTask" time="0.599"/>
  <testcase classname="TestCaseProject.ActiTime" name="TC2_CreateTask" time="7.580"/>
</testsuite> <!-- TestCaseProject.ActiTime -->
