<?xml version="1.0" encoding="UTF-8"?>
<!-- Generated by org.testng.reporters.JUnitReportReporter -->
<testsuite hostname="DESKTOP-QM65LPC" failures="0" tests="1" name="Pract2.Erail_Assignment" time="7.542" errors="0" timestamp="2023-05-23T17:47:14 IST" skipped="0">
  <testcase classname="Pract2.Erail_Assignment" name="OpenEcatering" time="7.542"/>
  <system-out/>
</testsuite> <!-- Pract2.Erail_Assignment -->
