<?xml version="1.0" encoding="UTF-8"?>
<!-- Generated by org.testng.reporters.JUnitReportReporter -->
<testsuite hostname="DESKTOP-QM65LPC" failures="0" tests="1" name="Pract2.Jquery" time="16.073" errors="0" timestamp="2023-05-22T17:58:57 IST" skipped="0">
  <testcase classname="Pract2.Jquery" name="Testcase1" time="16.073"/>
  <system-out/>
</testsuite> <!-- Pract2.Jquery -->
