<?xml version="1.0" encoding="UTF-8"?>
<!-- Generated by org.testng.reporters.JUnitReportReporter -->
<testsuite hostname="DESKTOP-QM65LPC" failures="0" tests="1" name="Pract2.example2" time="0.007" errors="0" timestamp="2023-05-17T20:42:05 IST" skipped="0">
  <testcase classname="Pract2.example2" name="Testcase2" time="0.007"/>
  <system-out/>
</testsuite> <!-- Pract2.example2 -->
