<?xml version="1.0" encoding="UTF-8"?>
<!-- Generated by org.testng.reporters.JUnitReportReporter -->
<testsuite hostname="DESKTOP-QM65LPC" failures="0" tests="4" name="Pract2.ExcelOperation1" time="0.513" errors="0" timestamp="24 May 2023 16:16:36 GMT" skipped="3">
  <testcase classname="Pract2.ExcelOperation1" name="readAllDataFromSheet" time="0.513"/>
  <testcase classname="Pract2.ExcelOperation1" name="testCase">
    <skipped/>
  </testcase> <!-- testCase -->
  <testcase classname="Pract2.ExcelOperation1" name="readSheetDetails">
    <skipped/>
  </testcase> <!-- readSheetDetails -->
  <testcase classname="Pract2.ExcelOperation1" name="getDiffTypeOfCellData">
    <skipped/>
  </testcase> <!-- getDiffTypeOfCellData -->
</testsuite> <!-- Pract2.ExcelOperation1 -->
